%このファイルは日本語文字を含みます.
\BOOKMARK [0][-]{chapter.1}{はじめに}{}% 1
\BOOKMARK [1][-]{section.1.1}{背景}{chapter.1}% 2
\BOOKMARK [1][-]{section.1.2}{目的}{chapter.1}% 3
\BOOKMARK [1][-]{section.1.3}{論文の構成}{chapter.1}% 4
\BOOKMARK [0][-]{chapter.2}{モデル検査}{}% 5
\BOOKMARK [1][-]{section.2.1}{モデル検査}{chapter.2}% 6
\BOOKMARK [2][-]{subsection.2.1.1}{様々なモデル検査ツール}{section.2.1}% 7
\BOOKMARK [1][-]{section.2.2}{モデル検査ツールUPPAAL}{chapter.2}% 8
\BOOKMARK [2][-]{subsection.2.2.1}{UPPAALの操作}{section.2.2}% 9
\BOOKMARK [0][-]{chapter.3}{群制御アルゴリズムのモデル化と検証}{}% 10
\BOOKMARK [1][-]{section.3.1}{時間制約のない進行方向を固定しない交差点}{chapter.3}% 11
\BOOKMARK [1][-]{section.3.2}{時間制約を用いる進行方向を固定する交差点}{chapter.3}% 12
\BOOKMARK [2][-]{subsection.3.2.1}{垂直に交差点に進入する2車両のモデル}{section.3.2}% 13
\BOOKMARK [2][-]{subsection.3.2.2}{東西南北それぞれから交差点に直進する時間オートマトン}{section.3.2}% 14
\BOOKMARK [2][-]{subsection.3.2.3}{交差点を直進・左折・右折する車両の時間オートマトン}{section.3.2}% 15
\BOOKMARK [1][-]{section.3.3}{交差点の通過にかかる最小時間の検証}{chapter.3}% 16
\BOOKMARK [0][-]{chapter.4}{おわりに}{}% 17
\BOOKMARK [0][-]{chapter*.2}{謝 辞}{}% 18
\BOOKMARK [0][-]{chapter*.3}{}{}% 19
