This is e-pTeX, Version 3.14159265-p3.8.1-180226-2.6 (utf8.euc) (TeX Live 2018) (preloaded format=platex 2018.10.18)  9 JAN 2019 20:49
entering extended mode
 restricted \write18 enabled.
 file:line:error style messages enabled.
 %&-line parsing enabled.
**tpu-sotu.cls
(./tpu-sotu.cls
pLaTeX2e <2018-07-28>+1 (based on LaTeX2e <2018-04-01> patch level 5)

LaTeX Warning: You have requested package `',
               but the package provides `tpu-sotu'.

Package: tpu-sotu 1999/01/06 v1.0 Standard pLaTeX class
Class tpu-sotu Info: No local configuration file on input line 13.

./tpu-sotu.cls:15: LaTeX Error: Command \@ already defined.
               Or name \end... illegal, see p.192 of the manual.

See the LaTeX manual or LaTeX Companion for explanation.
Type  H <return>  for immediate help.
 ...                                              
                                                  
l.15 \newcommand{\@tpuptsize}{}
                               
? 
./tpu-sotu.cls:15: Emergency stop.
 ...                                              
                                                  
l.15 \newcommand{\@tpuptsize}{}
                               
Your command was ignored.
Type  I <command> <return>  to replace it with another command,
or  <return>  to continue without it.

 
Here is how much of TeX's memory you used:
 7 strings out of 493248
 255 string characters out of 6144401
 61652 words of memory out of 5000000
 4066 multiletter control sequences out of 15000+600000
 7511 words of font info for 31 fonts, out of 8000000 for 9000
 929 hyphenation exceptions out of 8191
 7i,0n,7p,84b,14s stack positions out of 5000i,500n,10000p,200000b,80000s
No pages of output.
